Warning: When compiling code please add the following flags to nvcc:
         -gencode arch=compute_35,code=[compute_35,sm_35] \
         -gencode arch=compute_61,code=[compute_61,sm_61] 
         -gencode arch=compute_70,code=[compute_70,sm_70] 
Column indices: 45030389
Row offset: 3566907

Running CPU BFS


Running Serialized BFS


Running GPU BFS
==PROF== Connected to process 36593 (/ihome/ageorge/ykm3/GPU_Graphs/graphBFS)
==PROF== Profiling "init_distance_kernel" - 1: 0%....50%....100% - 33 passes
iter and size 0 1
==PROF== Profiling "nextLayer" - 2: 0%....50%....100% - 33 passes
==PROF== Profiling "countDegrees" - 3: 0%....50%....100% - 33 passes
==PROF== Profiling "gpu_prescan" - 4: 0%....50%....100% - 33 passes
==PROF== Profiling "gpu_prescan" - 5: 0%....50%....100% - 33 passes
==PROF== Profiling "gpu_add_block_sums" - 6: 0%....50%....100% - 33 passes
==PROF== Profiling "gather" - 7: 0%....50%....100% - 33 passes
iter and size 1 1
==PROF== Profiling "nextLayer" - 8: 0%....50%....100% - 33 passes
==PROF== Profiling "countDegrees" - 9: 0%....50%....100% - 33 passes
==PROF== Profiling "gpu_prescan" - 10: 0%....50%....100% - 33 passes
==PROF== Profiling "gpu_prescan" - 11: 0%....50%....100% - 33 passes
==PROF== Profiling "gpu_add_block_sums" - 12: 0%....50%....100% - 33 passes
==PROF== Profiling "gather" - 13: 0%....50%....100% - 33 passes
iter and size 2 197
==PROF== Profiling "nextLayer" - 14: 0%....50%....100% - 33 passes
==PROF== Profiling "countDegrees" - 15: 0%....50%....100% - 33 passes
==PROF== Profiling "gpu_prescan" - 16: 0%....50%....100% - 33 passes
==PROF== Profiling "gpu_prescan" - 17: 0%....50%....100% - 33 passes
==PROF== Profiling "gpu_add_block_sums" - 18: 0%....50%....100% - 33 passes
==PROF== Profiling "gather" - 19: 0%....50%....100% - 33 passes
iter and size 3 17501
==PROF== Profiling "nextLayer" - 20: 0%....50%....100% - 33 passes
==PROF== Profiling "countDegrees" - 21: 0%....50%....100% - 33 passes
==PROF== Profiling "gpu_prescan" - 22: 0%....50%....100% - 33 passes
==PROF== Profiling "gpu_prescan" - 23: 0%....50%....100% - 33 passes
==PROF== Profiling "gpu_add_block_sums" - 24: 0%....50%....100% - 33 passes
==PROF== Profiling "gather" - 25: 0%....50%....100% - 33 passes
iter and size 4 395826
==PROF== Profiling "nextLayer" - 26: 0%....50%....100% - 33 passes
==PROF== Profiling "countDegrees" - 27: 0%....50%....100% - 33 passes
==PROF== Profiling "gpu_prescan" - 28: 0%....50%....100% - 33 passes
==PROF== Profiling "gpu_prescan" - 29: 0%....50%....100% - 33 passes
==PROF== Profiling "gpu_add_block_sums" - 30: 0%....50%....100% - 33 passes
==PROF== Profiling "gather" - 31: 0%....50%....100% - 33 passes
iter and size 5 1213389
==PROF== Profiling "nextLayer" - 32: 0%....50%....100% - 33 passes
==PROF== Profiling "countDegrees" - 33: 0%....50%....100% - 33 passes
==PROF== Profiling "gpu_prescan" - 34: 0%....50%....100% - 33 passes
==PROF== Profiling "gpu_prescan" - 35: 0%....50%....100% - 33 passes
==PROF== Profiling "gpu_prescan" - 36: 0%....50%....100% - 33 passes
==PROF== Profiling "gpu_add_block_sums" - 37: 0%....50%....100% - 33 passes
==PROF== Profiling "gpu_add_block_sums" - 38: 0%....50%....100% - 33 passes
==PROF== Profiling "gather" - 39: 0%....50%....100% - 33 passes
iter and size 6 633463
==PROF== Profiling "nextLayer" - 40: 0%....50%....100% - 33 passes
==PROF== Profiling "countDegrees" - 41: 0%....50%....100% - 33 passes
==PROF== Profiling "gpu_prescan" - 42: 0%....50%....100% - 33 passes
==PROF== Profiling "gpu_prescan" - 43: 0%....50%....100% - 33 passes
==PROF== Profiling "gpu_add_block_sums" - 44: 0%....50%....100% - 33 passes
==PROF== Profiling "gather" - 45: 0%....50%....100% - 33 passes
iter and size 7 121261
==PROF== Profiling "nextLayer" - 46: 0%....50%....100% - 33 passes
==PROF== Profiling "countDegrees" - 47: 0%....50%....100% - 33 passes
==PROF== Profiling "gpu_prescan" - 48: 0%....50%....100% - 33 passes
==PROF== Profiling "gpu_prescan" - 49: 0%....50%....100% - 33 passes
==PROF== Profiling "gpu_add_block_sums" - 50: 0%....50%....100% - 33 passes
==PROF== Profiling "gather" - 51: 0%....50%....100% - 33 passes
iter and size 8 20212
==PROF== Profiling "nextLayer" - 52: 0%....50%....100% - 33 passes
==PROF== Profiling "countDegrees" - 53: 0%....50%....100% - 33 passes
==PROF== Profiling "gpu_prescan" - 54: 0%....50%....100% - 33 passes
==PROF== Profiling "gpu_prescan" - 55: 0%....50%....100% - 33 passes
==PROF== Profiling "gpu_add_block_sums" - 56: 0%....50%....100% - 33 passes
==PROF== Profiling "gather" - 57: 0%....50%....100% - 33 passes
iter and size 9 3183
==PROF== Profiling "nextLayer" - 58: 0%....50%....100% - 33 passes
==PROF== Profiling "countDegrees" - 59: 0%....50%....100% - 33 passes
==PROF== Profiling "gpu_prescan" - 60: 0%....50%....100% - 33 passes
==PROF== Profiling "gpu_prescan" - 61: 0%....50%....100% - 33 passes
==PROF== Profiling "gpu_add_block_sums" - 62: 0%....50%....100% - 33 passes
==PROF== Profiling "gather" - 63: 0%....50%....100% - 33 passes
iter and size 10 581
==PROF== Profiling "nextLayer" - 64: 0%....50%....100% - 33 passes
==PROF== Profiling "countDegrees" - 65: 0%....50%....100% - 33 passes
==PROF== Profiling "gpu_prescan" - 66: 0%....50%....100% - 33 passes
==PROF== Profiling "gpu_prescan" - 67: 0%....50%....100% - 33 passes
==PROF== Profiling "gpu_add_block_sums" - 68: 0%....50%....100% - 33 passes
==PROF== Profiling "gather" - 69: 0%....50%....100% - 33 passes
iter and size 11 166
==PROF== Profiling "nextLayer" - 70: 0%....50%....100% - 33 passes
==PROF== Profiling "countDegrees" - 71: 0%....50%....100% - 33 passes
==PROF== Profiling "gpu_prescan" - 72: 0%....50%....100% - 33 passes
==PROF== Profiling "gpu_prescan" - 73: 0%....50%....100% - 33 passes
==PROF== Profiling "gpu_add_block_sums" - 74: 0%....50%....100% - 33 passes
==PROF== Profiling "gather" - 75: 0%....50%....100% - 33 passes
iter and size 12 69
==PROF== Profiling "nextLayer" - 76: 0%....50%....100% - 33 passes
==PROF== Profiling "countDegrees" - 77: 0%....50%....100% - 33 passes
==PROF== Profiling "gpu_prescan" - 78: 0%....50%....100% - 33 passes
==PROF== Profiling "gpu_prescan" - 79: 0%....50%....100% - 33 passes
==PROF== Profiling "gpu_add_block_sums" - 80: 0%....50%....100% - 33 passes
==PROF== Profiling "gather" - 81: 0%....50%....100% - 33 passes
iter and size 13 43
==PROF== Profiling "nextLayer" - 82: 0%....50%....100% - 33 passes
==PROF== Profiling "countDegrees" - 83: 0%....50%....100% - 33 passes
==PROF== Profiling "gpu_prescan" - 84: 0%....50%....100% - 33 passes
==PROF== Profiling "gpu_prescan" - 85: 0%....50%....100% - 33 passes
==PROF== Profiling "gpu_add_block_sums" - 86: 0%....50%....100% - 33 passes
==PROF== Profiling "gather" - 87: 0%....50%....100% - 33 passes
iter and size 14 19
==PROF== Profiling "nextLayer" - 88: 0%....50%....100% - 33 passes
==PROF== Profiling "countDegrees" - 89: 0%....50%....100% - 33 passes
==PROF== Profiling "gpu_prescan" - 90: 0%....50%....100% - 33 passes
==PROF== Profiling "gpu_prescan" - 91: 0%....50%....100% - 33 passes
==PROF== Profiling "gpu_add_block_sums" - 92: 0%....50%....100% - 33 passes
==PROF== Profiling "gather" - 93: 0%....50%....100% - 33 passes
iter and size 15 19
==PROF== Profiling "nextLayer" - 94: 0%....50%....100% - 33 passes
==PROF== Profiling "countDegrees" - 95: 0%....50%....100% - 33 passes
==PROF== Profiling "gpu_prescan" - 96: 0%....50%....100% - 33 passes
==PROF== Profiling "gpu_prescan" - 97: 0%....50%....100% - 33 passes
==PROF== Profiling "gpu_add_block_sums" - 98: 0%....50%....100% - 33 passes
==PROF== Profiling "gather" - 99: 0%....50%....100% - 33 passes
iter and size 16 51
==PROF== Profiling "nextLayer" - 100: 0%....50%....100% - 33 passes
==PROF== Profiling "countDegrees" - 101: 0%....50%....100% - 33 passes
==PROF== Profiling "gpu_prescan" - 102: 0%....50%....100% - 33 passes
==PROF== Profiling "gpu_prescan" - 103: 0%....50%....100% - 33 passes
==PROF== Profiling "gpu_add_block_sums" - 104: 0%....50%....100% - 33 passes
==PROF== Profiling "gather" - 105: 0%....50%....100% - 33 passes
iter and size 17 20
==PROF== Profiling "nextLayer" - 106: 0%....50%....100% - 33 passes
==PROF== Profiling "countDegrees" - 107: 0%....50%....100% - 33 passes
==PROF== Profiling "gpu_prescan" - 108: 0%....50%....100% - 33 passes
==PROF== Profiling "gpu_prescan" - 109: 0%....50%....100% - 33 passes
==PROF== Profiling "gpu_add_block_sums" - 110: 0%....50%....100% - 33 passes
==PROF== Profiling "gather" - 111: 0%....50%....100% - 33 passes
iter and size 18 11
==PROF== Profiling "nextLayer" - 112: 0%....50%....100% - 33 passes
==PROF== Profiling "countDegrees" - 113: 0%....50%....100% - 33 passes
==PROF== Profiling "gpu_prescan" - 114: 0%....50%....100% - 33 passes
==PROF== Profiling "gpu_prescan" - 115: 0%....50%....100% - 33 passes
==PROF== Profiling "gpu_add_block_sums" - 116: 0%....50%....100% - 33 passes
==PROF== Profiling "gather" - 117: 0%....50%....100% - 33 passes
iter and size 19 7
==PROF== Profiling "nextLayer" - 118: 0%....50%....100% - 33 passes
==PROF== Profiling "countDegrees" - 119: 0%....50%....100% - 33 passes
==PROF== Profiling "gpu_prescan" - 120: 0%....50%....100% - 33 passes
==PROF== Profiling "gpu_prescan" - 121: 0%....50%....100% - 33 passes
==PROF== Profiling "gpu_add_block_sums" - 122: 0%....50%....100% - 33 passes
==PROF== Profiling "gather" - 123: 0%....50%....100% - 33 passes
iter and size 20 4
==PROF== Profiling "nextLayer" - 124: 0%....50%....100% - 33 passes
==PROF== Profiling "countDegrees" - 125: 0%....50%....100% - 33 passes
==PROF== Profiling "gpu_prescan" - 126: 0%....50%....100% - 33 passes
==PROF== Profiling "gpu_prescan" - 127: 0%....50%....100% - 33 passes
==PROF== Profiling "gpu_add_block_sums" - 128: 0%....50%....100% - 33 passes
==PROF== Profiling "gather" - 129: 0%....50%....100% - 33 passes
iter and size 21 3
==PROF== Profiling "nextLayer" - 130: 0%....50%....100% - 33 passes
==PROF== Profiling "countDegrees" - 131: 0%....50%....100% - 33 passes
==PROF== Profiling "gpu_prescan" - 132: 0%....50%....100% - 33 passes
==PROF== Profiling "gpu_prescan" - 133: 0%....50%....100% - 33 passes
==PROF== Profiling "gpu_add_block_sums" - 134: 0%....50%....100% - 33 passes
==PROF== Profiling "gather" - 135: 0%....50%....100% - 33 passes
iter and size 22 4
==PROF== Profiling "nextLayer" - 136: 0%....50%....100% - 33 passes
==PROF== Profiling "countDegrees" - 137: 0%....50%....100% - 33 passes
==PROF== Profiling "gpu_prescan" - 138: 0%....50%....100% - 33 passes
==PROF== Profiling "gpu_prescan" - 139: 0%....50%....100% - 33 passes
==PROF== Profiling "gpu_add_block_sums" - 140: 0%....50%....100% - 33 passes
==PROF== Profiling "gather" - 141: 0%....50%....100% - 33 passes
iter and size 23 3
==PROF== Profiling "nextLayer" - 142: 0%....50%....100% - 33 passes
==PROF== Profiling "countDegrees" - 143: 0%....50%....100% - 33 passes
==PROF== Profiling "gpu_prescan" - 144: 0%....50%....100% - 33 passes
==PROF== Profiling "gpu_prescan" - 145: 0%....50%....100% - 33 passes
==PROF== Profiling "gpu_add_block_sums" - 146: 0%....50%....100% - 33 passes
==PROF== Profiling "gather" - 147: 0%....50%....100% - 33 passes
iter and size 24 3
==PROF== Profiling "nextLayer" - 148: 0%....50%....100% - 33 passes
==PROF== Profiling "countDegrees" - 149: 0%....50%....100% - 33 passes
==PROF== Profiling "gpu_prescan" - 150: 0%....50%....100% - 33 passes
==PROF== Profiling "gpu_prescan" - 151: 0%....50%....100% - 33 passes
==PROF== Profiling "gpu_add_block_sums" - 152: 0%....50%....100% - 33 passes
==PROF== Profiling "gather" - 153: 0%....50%....100% - 33 passes
iter and size 25 4
==PROF== Profiling "nextLayer" - 154: 0%....50%....100% - 33 passes
==PROF== Profiling "countDegrees" - 155: 0%....50%....100% - 33 passes
==PROF== Profiling "gpu_prescan" - 156: 0%....50%....100% - 33 passes
==PROF== Profiling "gpu_prescan" - 157: 0%....50%....100% - 33 passes
==PROF== Profiling "gpu_add_block_sums" - 158: 0%....50%....100% - 33 passes
==PROF== Profiling "gather" - 159: 0%....50%....100% - 33 passes
iter and size 26 2
==PROF== Profiling "nextLayer" - 160: 0%....50%....100% - 33 passes
==PROF== Profiling "countDegrees" - 161: 0%....50%....100% - 33 passes
==PROF== Profiling "gpu_prescan" - 162: 0%....50%....100% - 33 passes
==PROF== Profiling "gpu_prescan" - 163: 0%....50%....100% - 33 passes
==PROF== Profiling "gpu_add_block_sums" - 164: 0%....50%....100% - 33 passes
==PROF== Profiling "gather" - 165: 0%....50%....100% - 33 passes
iter and size 27 2
==PROF== Profiling "nextLayer" - 166: 0%....50%....100% - 33 passes
==PROF== Profiling "countDegrees" - 167: 0%....50%....100% - 33 passes
==PROF== Profiling "gpu_prescan" - 168: 0%....50%....100% - 33 passes
==PROF== Profiling "gpu_prescan" - 169: 0%....50%....100% - 33 passes
==PROF== Profiling "gpu_add_block_sums" - 170: 0%....50%....100% - 33 passes
==PROF== Profiling "gather" - 171: 0%....50%....100% - 33 passes
iter and size 28 2
==PROF== Profiling "nextLayer" - 172: 0%....50%....100% - 33 passes
==PROF== Profiling "countDegrees" - 173: 0%....50%....100% - 33 passes
==PROF== Profiling "gpu_prescan" - 174: 0%....50%....100% - 33 passes
==PROF== Profiling "gpu_prescan" - 175: 0%....50%....100% - 33 passes
==PROF== Profiling "gpu_add_block_sums" - 176: 0%....50%....100% - 33 passes
==PROF== Profiling "gather" - 177: 0%....50%....100% - 33 passes
iter and size 29 2
==PROF== Profiling "nextLayer" - 178: 0%....50%....100% - 33 passes
==PROF== Profiling "countDegrees" - 179: 0%....50%....100% - 33 passes
==PROF== Profiling "gpu_prescan" - 180: 0%....50%....100% - 33 passes
==PROF== Profiling "gpu_prescan" - 181: 0%....50%....100% - 33 passes
==PROF== Profiling "gpu_add_block_sums" - 182: 0%....50%....100% - 33 passes
==PROF== Profiling "gather" - 183: 0%....50%....100% - 33 passes
iter and size 30 2
==PROF== Profiling "nextLayer" - 184: 0%....50%....100% - 33 passes
==PROF== Profiling "countDegrees" - 185: 0%....50%....100% - 33 passes
==PROF== Profiling "gpu_prescan" - 186: 0%....50%....100% - 33 passes
==PROF== Profiling "gpu_prescan" - 187: 0%....50%....100% - 33 passes
==PROF== Profiling "gpu_add_block_sums" - 188: 0%....50%....100% - 33 passes
==PROF== Profiling "gather" - 189: 0%....50%....100% - 33 passes
iter and size 31 2
==PROF== Profiling "nextLayer" - 190: 0%....50%....100% - 33 passes
==PROF== Profiling "countDegrees" - 191: 0%....50%....100% - 33 passes
==PROF== Profiling "gpu_prescan" - 192: 0%....50%....100% - 33 passes
==PROF== Profiling "gpu_prescan" - 193: 0%....50%....100% - 33 passes
==PROF== Profiling "gpu_add_block_sums" - 194: 0%....50%....100% - 33 passes
==PROF== Profiling "gather" - 195: 0%....50%....100% - 33 passes
iter and size 32 2
==PROF== Profiling "nextLayer" - 196: 0%....50%....100% - 33 passes
==PROF== Profiling "countDegrees" - 197: 0%....50%....100% - 33 passes
==PROF== Profiling "gpu_prescan" - 198: 0%....50%....100% - 33 passes
==PROF== Profiling "gpu_prescan" - 199: 0%....50%....100% - 33 passes
==PROF== Profiling "gpu_add_block_sums" - 200: 0%....50%....100% - 33 passes
==PROF== Profiling "gather" - 201: 0%....50%....100% - 33 passes
iter and size 33 2
==PROF== Profiling "nextLayer" - 202: 0%....50%....100% - 33 passes
==PROF== Profiling "countDegrees" - 203: 0%....50%....100% - 33 passes
==PROF== Profiling "gpu_prescan" - 204: 0%....50%....100% - 33 passes
==PROF== Profiling "gpu_prescan" - 205: 0%....50%....100% - 33 passes
==PROF== Profiling "gpu_add_block_sums" - 206: 0%....50%....100% - 33 passes
==PROF== Profiling "gather" - 207: 0%....50%....100% - 33 passes
iter and size 34 2
==PROF== Profiling "nextLayer" - 208: 0%....50%....100% - 33 passes
==PROF== Profiling "countDegrees" - 209: 0%....50%....100% - 33 passes
==PROF== Profiling "gpu_prescan" - 210: 0%....50%....100% - 33 passes
==PROF== Profiling "gpu_prescan" - 211: 0%....50%....100% - 33 passes
==PROF== Profiling "gpu_add_block_sums" - 212: 0%....50%....100% - 33 passes
==PROF== Profiling "gather" - 213: 0%....50%....100% - 33 passes
iter and size 35 2
==PROF== Profiling "nextLayer" - 214: 0%....50%....100% - 33 passes
==PROF== Profiling "countDegrees" - 215: 0%....50%....100% - 33 passes
==PROF== Profiling "gpu_prescan" - 216: 0%....50%....100% - 33 passes
==PROF== Profiling "gpu_prescan" - 217: 0%....50%....100% - 33 passes
==PROF== Profiling "gpu_add_block_sums" - 218: 0%....50%....100% - 33 passes
==PROF== Profiling "gather" - 219: 0%....50%....100% - 33 passes
iter and size 36 1
==PROF== Profiling "nextLayer" - 220: 0%....50%....100% - 33 passes
==PROF== Profiling "countDegrees" - 221: 0%....50%....100% - 33 passes
==PROF== Profiling "gpu_prescan" - 222: 0%....50%....100% - 33 passes
==PROF== Profiling "gpu_prescan" - 223: 0%....50%....100% - 33 passes
==PROF== Profiling "gpu_add_block_sums" - 224: 0%....50%....100% - 33 passes
==PROF== Profiling "gather" - 225: 0%....50%....100% - 33 passes
iter and size 37 1
==PROF== Profiling "nextLayer" - 226: 0%....50%....100% - 33 passes
==PROF== Profiling "countDegrees" - 227: 0%....50%....100% - 33 passes
==PROF== Profiling "gpu_prescan" - 228: 0%....50%....100% - 33 passes
==PROF== Profiling "gpu_prescan" - 229: 0%....50%....100% - 33 passes
==PROF== Profiling "gpu_add_block_sums" - 230: 0%....50%....100% - 33 passes
==PROF== Profiling "gather" - 231: 0%....50%....100% - 33 passes
iter and size 38 1
==PROF== Profiling "nextLayer" - 232: 0%....50%....100% - 33 passes
==PROF== Profiling "countDegrees" - 233: 0%....50%....100% - 33 passes
==PROF== Profiling "gpu_prescan" - 234: 0%....50%....100% - 33 passes
==PROF== Profiling "gpu_prescan" - 235: 0%....50%....100% - 33 passes
==PROF== Profiling "gpu_add_block_sums" - 236: 0%....50%....100% - 33 passes
==PROF== Profiling "gather" - 237: 0%....50%....100% - 33 passes
iter and size 39 1
==PROF== Profiling "nextLayer" - 238: 0%....50%....100% - 33 passes
==PROF== Profiling "countDegrees" - 239: 0%....50%....100% - 33 passes
==PROF== Profiling "gpu_prescan" - 240: 0%....50%....100% - 33 passes
==PROF== Profiling "gpu_prescan" - 241: 0%....50%....100% - 33 passes
==PROF== Profiling "gpu_add_block_sums" - 242: 0%....50%....100% - 33 passes
==PROF== Profiling "gather" - 243: 0%....50%....100% - 33 passes
iter and size 40 1
==PROF== Profiling "nextLayer" - 244: 0%....50%....100% - 33 passes
==PROF== Profiling "countDegrees" - 245: 0%....50%....100% - 33 passes
==PROF== Profiling "gpu_prescan" - 246: 0%....50%....100% - 33 passes
==PROF== Profiling "gpu_prescan" - 247: 0%....50%....100% - 33 passes
==PROF== Profiling "gpu_add_block_sums" - 248: 0%....50%....100% - 33 passes
==PROF== Profiling "gather" - 249: 0%....50%....100% - 33 passes
iter and size 41 1
==PROF== Profiling "nextLayer" - 250: 0%....50%....100% - 33 passes
==PROF== Profiling "countDegrees" - 251: 0%....50%....100% - 33 passes
==PROF== Profiling "gpu_prescan" - 252: 0%....50%....100% - 33 passes
==PROF== Profiling "gpu_prescan" - 253: 0%....50%....100% - 33 passes
==PROF== Profiling "gpu_add_block_sums" - 254: 0%....50%....100% - 33 passes
==PROF== Profiling "gather" - 255: 0%....50%....100% - 33 passes
iter and size 42 1
==PROF== Profiling "nextLayer" - 256: 0%....50%....100% - 33 passes
==PROF== Profiling "countDegrees" - 257: 0%....50%....100% - 33 passes
==PROF== Profiling "gpu_prescan" - 258: 0%....50%....100% - 33 passes
==PROF== Profiling "gpu_prescan" - 259: 0%....50%....100% - 33 passes
==PROF== Profiling "gpu_add_block_sums" - 260: 0%....50%....100% - 33 passes
==PROF== Profiling "gather" - 261: 0%....50%....100% - 33 passes
iter and size 43 1
==PROF== Profiling "nextLayer" - 262: 0%....50%....100% - 33 passes
==PROF== Profiling "countDegrees" - 263: 0%....50%....100% - 33 passes
==PROF== Profiling "gpu_prescan" - 264: 0%....50%....100% - 33 passes
==PROF== Profiling "gpu_prescan" - 265: 0%....50%....100% - 33 passes
==PROF== Profiling "gpu_add_block_sums" - 266: 0%....50%....100% - 33 passes
==PROF== Profiling "gather" - 267: 0%....50%....100% - 33 passes
iter and size 44 1
==PROF== Profiling "nextLayer" - 268: 0%....50%....100% - 33 passes
==PROF== Profiling "countDegrees" - 269: 0%....50%....100% - 33 passes
==PROF== Profiling "gpu_prescan" - 270: 0%....50%....100% - 33 passes
==PROF== Profiling "gpu_prescan" - 271: 0%....50%....100% - 33 passes
==PROF== Profiling "gpu_add_block_sums" - 272: 0%....50%....100% - 33 passes
==PROF== Profiling "gather" - 273: 0%....50%....100% - 33 passes
iter and size 45 1
==PROF== Profiling "nextLayer" - 274: 0%....50%....100% - 33 passes
==PROF== Profiling "countDegrees" - 275: 0%....50%....100% - 33 passes
==PROF== Profiling "gpu_prescan" - 276: 0%....50%....100% - 33 passes
==PROF== Profiling "gpu_prescan" - 277: 0%....50%....100% - 33 passes
==PROF== Profiling "gpu_add_block_sums" - 278: 0%....50%....100% - 33 passes
==PROF== Profiling "gather" - 279: 0%....50%....100% - 33 passes
iter and size 46 1
==PROF== Profiling "nextLayer" - 280: 0%....50%....100% - 33 passes
==PROF== Profiling "countDegrees" - 281: 0%....50%....100% - 33 passes
==PROF== Profiling "gpu_prescan" - 282: 0%....50%....100% - 33 passes
==PROF== Profiling "gpu_prescan" - 283: 0%....50%....100% - 33 passes
==PROF== Profiling "gpu_add_block_sums" - 284: 0%....50%....100% - 33 passes
==PROF== Profiling "gather" - 285: 0%....50%....100% - 33 passes
iter and size 47 1
==PROF== Profiling "nextLayer" - 286: 0%....50%....100% - 33 passes
==PROF== Profiling "countDegrees" - 287: 0%....50%....100% - 33 passes
==PROF== Profiling "gpu_prescan" - 288: 0%....50%....100% - 33 passes
==PROF== Profiling "gpu_prescan" - 289: 0%....50%....100% - 33 passes
==PROF== Profiling "gpu_add_block_sums" - 290: 0%....50%....100% - 33 passes
==PROF== Profiling "gather" - 291: 0%....50%....100% - 33 passes
iter and size 48 1
==PROF== Profiling "nextLayer" - 292: 0%....50%....100% - 33 passes
==PROF== Profiling "countDegrees" - 293: 0%....50%....100% - 33 passes
==PROF== Profiling "gpu_prescan" - 294: 0%....50%....100% - 33 passes
==PROF== Profiling "gpu_prescan" - 295: 0%....50%....100% - 33 passes
==PROF== Profiling "gpu_add_block_sums" - 296: 0%....50%....100% - 33 passes
==PROF== Profiling "gather" - 297: 0%....50%....100% - 33 passes
iter and size 49 2
==PROF== Profiling "nextLayer" - 298: 0%....50%....100% - 33 passes
==PROF== Profiling "countDegrees" - 299: 0%....50%....100% - 33 passes
==PROF== Profiling "gpu_prescan" - 300: 0%....50%....100% - 33 passes
==PROF== Profiling "gpu_prescan" - 301: 0%....50%....100% - 33 passes
==PROF== Profiling "gpu_add_block_sums" - 302: 0%....50%....100% - 33 passes
==PROF== Profiling "gather" - 303: 0%....50%....100% - 33 passes
iter and size 50 1
==PROF== Profiling "nextLayer" - 304: 0%....50%....100% - 33 passes
==PROF== Profiling "countDegrees" - 305: 0%....50%....100% - 33 passes
==PROF== Profiling "gpu_prescan" - 306: 0%....50%....100% - 33 passes
==PROF== Profiling "gpu_prescan" - 307: 0%....50%....100% - 33 passes
==PROF== Profiling "gpu_add_block_sums" - 308: 0%....50%....100% - 33 passes
==PROF== Profiling "gather" - 309: 0%....50%....100% - 33 passes
iter and size 51 1
==PROF== Profiling "nextLayer" - 310: 0%....50%....100% - 33 passes
==PROF== Profiling "countDegrees" - 311: 0%....50%....100% - 33 passes
==PROF== Profiling "gpu_prescan" - 312: 0%....50%....100% - 33 passes
==PROF== Profiling "gpu_prescan" - 313: 0%....50%....100% - 33 passes
==PROF== Profiling "gpu_add_block_sums" - 314: 0%....50%....100% - 33 passes
==PROF== Profiling "gather" - 315: 0%....50%....100% - 33 passes
iter and size 52 1
==PROF== Profiling "nextLayer" - 316: 0%....50%....100% - 33 passes
==PROF== Profiling "countDegrees" - 317: 0%....50%....100% - 33 passes
==PROF== Profiling "gpu_prescan" - 318: 0%....50%....100% - 33 passes
==PROF== Profiling "gpu_prescan" - 319: 0%....50%....100% - 33 passes
==PROF== Profiling "gpu_add_block_sums" - 320: 0%....50%....100% - 33 passes
==PROF== Profiling "gather" - 321: 0%....50%....100% - 33 passes
iter and size 53 1
==PROF== Profiling "nextLayer" - 322: 0%....50%....100% - 33 passes
==PROF== Profiling "countDegrees" - 323: 0%....50%....100% - 33 passes
==PROF== Profiling "gpu_prescan" - 324: 0%....50%....100% - 33 passes
==PROF== Profiling "gpu_prescan" - 325: 0%....50%....100% - 33 passes
==PROF== Profiling "gpu_add_block_sums" - 326: 0%....50%....100% - 33 passes
==PROF== Profiling "gather" - 327: 0%....50%....100% - 33 passes
iter and size 54 1
==PROF== Profiling "nextLayer" - 328: 0%....50%....100% - 33 passes
==PROF== Profiling "countDegrees" - 329: 0%....50%....100% - 33 passes
==PROF== Profiling "gpu_prescan" - 330: 0%....50%....100% - 33 passes
==PROF== Profiling "gpu_prescan" - 331: 0%....50%....100% - 33 passes
==PROF== Profiling "gpu_add_block_sums" - 332: 0%....50%....100% - 33 passes
==PROF== Profiling "gather" - 333: 0%....50%....100% - 33 passes
iter and size 55 3
==PROF== Profiling "nextLayer" - 334: 0%....50%....100% - 33 passes
==PROF== Profiling "countDegrees" - 335: 0%....50%....100% - 33 passes
==PROF== Profiling "gpu_prescan" - 336: 0%....50%....100% - 33 passes
==PROF== Profiling "gpu_prescan" - 337: 0%....50%....100% - 33 passes
==PROF== Profiling "gpu_add_block_sums" - 338: 0%....50%....100% - 33 passes
==PROF== Profiling "gather" - 339: 0%....50%....100% - 33 passes
iter and size 56 1
==PROF== Profiling "nextLayer" - 340: 0%....50%....100% - 33 passes
==PROF== Profiling "countDegrees" - 341: 0%....50%....100% - 33 passes
==PROF== Profiling "gpu_prescan" - 342: 0%....50%....100% - 33 passes
==PROF== Profiling "gpu_prescan" - 343: 0%....50%....100% - 33 passes
==PROF== Profiling "gpu_add_block_sums" - 344: 0%....50%....100% - 33 passes
==PROF== Profiling "gather" - 345: 0%....50%....100% - 33 passes
iter and size 57 1
==PROF== Profiling "nextLayer" - 346: 0%....50%....100% - 33 passes
==PROF== Profiling "countDegrees" - 347: 0%....50%....100% - 33 passes
==PROF== Profiling "gpu_prescan" - 348: 0%....50%....100% - 33 passes
==PROF== Profiling "gpu_prescan" - 349: 0%....50%....100% - 33 passes
==PROF== Profiling "gpu_add_block_sums" - 350: 0%....50%....100% - 33 passes
==PROF== Profiling "gather" - 351: 0%....50%....100% - 33 passes
iter and size 58 1
==PROF== Profiling "nextLayer" - 352: 0%....50%....100% - 33 passes
==PROF== Profiling "countDegrees" - 353: 0%....50%....100% - 33 passes
==PROF== Profiling "gpu_prescan" - 354: 0%....50%....100% - 33 passes
==PROF== Profiling "gpu_prescan" - 355: 0%....50%....100% - 33 passes
==PROF== Profiling "gpu_add_block_sums" - 356: 0%....50%....100% - 33 passes
==PROF== Profiling "gather" - 357: 0%....50%....100% - 33 passes
iter and size 59 1
==PROF== Profiling "nextLayer" - 358: 0%....50%....100% - 33 passes
==PROF== Profiling "countDegrees" - 359: 0%....50%....100% - 33 passes
==PROF== Profiling "gpu_prescan" - 360: 0%....50%....100% - 33 passes
==PROF== Profiling "gpu_prescan" - 361: 0%....50%....100% - 33 passes
==PROF== Profiling "gpu_add_block_sums" - 362: 0%....50%....100% - 33 passes
==PROF== Profiling "gather" - 363: 0%....50%....100% - 33 passes
iter and size 60 1
==PROF== Profiling "nextLayer" - 364: 0%....50%....100% - 33 passes
==PROF== Profiling "countDegrees" - 365: 0%....50%....100% - 33 passes
==PROF== Profiling "gpu_prescan" - 366: 0%....50%....100% - 33 passes
==PROF== Profiling "gpu_prescan" - 367: 0%....50%....100% - 33 passes
==PROF== Profiling "gpu_add_block_sums" - 368: 0%....50%....100% - 33 passes
==PROF== Profiling "gather" - 369: 0%....50%....100% - 33 passes
iter and size 61 1
==PROF== Profiling "nextLayer" - 370: 0%....50%....100% - 33 passes
==PROF== Profiling "countDegrees" - 371: 0%....50%....100% - 33 passes
==PROF== Profiling "gpu_prescan" - 372: 0%....50%....100% - 33 passes
==PROF== Profiling "gpu_prescan" - 373: 0%....50%....100% - 33 passes
==PROF== Profiling "gpu_add_block_sums" - 374: 0%....50%....100% - 33 passes
==PROF== Profiling "gather" - 375: 0%....50%....100% - 33 passes
iter and size 62 1
==PROF== Profiling "nextLayer" - 376: 0%....50%....100% - 33 passes
==PROF== Profiling "countDegrees" - 377: 0%....50%....100% - 33 passes
==PROF== Profiling "gpu_prescan" - 378: 0%....50%....100% - 33 passes
==PROF== Profiling "gpu_prescan" - 379: 0%....50%....100% - 33 passes
==PROF== Profiling "gpu_add_block_sums" - 380: 0%....50%....100% - 33 passes
==PROF== Profiling "gather" - 381: 0%....50%....100% - 33 passes
iter and size 63 1
==PROF== Profiling "nextLayer" - 382: 0%....50%....100% - 33 passes
==PROF== Profiling "countDegrees" - 383: 0%....50%....100% - 33 passes
==PROF== Profiling "gpu_prescan" - 384: 0%....50%....100% - 33 passes
==PROF== Profiling "gpu_prescan" - 385: 0%....50%....100% - 33 passes
==PROF== Profiling "gpu_add_block_sums" - 386: 0%....50%....100% - 33 passes
==PROF== Profiling "gather" - 387: 0%....50%....100% - 33 passes
iter and size 64 1
==PROF== Profiling "nextLayer" - 388: 0%....50%....100% - 33 passes
==PROF== Profiling "countDegrees" - 389: 0%....50%....100% - 33 passes
==PROF== Profiling "gpu_prescan" - 390: 0%....50%....100% - 33 passes
==PROF== Profiling "gpu_prescan" - 391: 0%....50%....100% - 33 passes
==PROF== Profiling "gpu_add_block_sums" - 392: 0%....50%....100% - 33 passes
==PROF== Profiling "gather" - 393: 0%....50%....100% - 33 passes
iter and size 65 1
==PROF== Profiling "nextLayer" - 394: 0%....50%....100% - 33 passes
==PROF== Profiling "countDegrees" - 395: 0%....50%....100% - 33 passes
==PROF== Profiling "gpu_prescan" - 396: 0%....50%....100% - 33 passes
==PROF== Profiling "gpu_prescan" - 397: 0%....50%....100% - 33 passes
==PROF== Profiling "gpu_add_block_sums" - 398: 0%....50%....100% - 33 passes
==PROF== Profiling "gather" - 399: 0%....50%....100% - 33 passes
iter and size 66 1
==PROF== Profiling "nextLayer" - 400: 0%....50%....100% - 33 passes
==PROF== Profiling "countDegrees" - 401: 0%....50%....100% - 33 passes
==PROF== Profiling "gpu_prescan" - 402: 0%....50%....100% - 33 passes
==PROF== Profiling "gpu_prescan" - 403: 0%....50%....100% - 33 passes
==PROF== Profiling "gpu_add_block_sums" - 404: 0%....50%....100% - 33 passes
==PROF== Profiling "gather" - 405: 0%....50%....100% - 33 passes
iter and size 67 1
==PROF== Profiling "nextLayer" - 406: 0%....50%....100% - 33 passes
==PROF== Profiling "countDegrees" - 407: 0%....50%....100% - 33 passes
==PROF== Profiling "gpu_prescan" - 408: 0%....50%....100% - 33 passes
==PROF== Profiling "gpu_prescan" - 409: 0%....50%....100% - 33 passes
==PROF== Profiling "gpu_add_block_sums" - 410: 0%....50%....100% - 33 passes
==PROF== Profiling "gather" - 411: 0%....50%....100% - 33 passes
iter and size 68 1
==PROF== Profiling "nextLayer" - 412: 0%....50%....100% - 33 passes
==PROF== Profiling "countDegrees" - 413: 0%....50%....100% - 33 passes
==PROF== Profiling "gpu_prescan" - 414: 0%....50%....100% - 33 passes
==PROF== Profiling "gpu_prescan" - 415: 0%....50%....100% - 33 passes
==PROF== Profiling "gpu_add_block_sums" - 416: 0%....50%....100% - 33 passes
==PROF== Profiling "gather" - 417: 0%....50%....100% - 33 passes
iter and size 69 1
==PROF== Profiling "nextLayer" - 418: 0%....50%....100% - 33 passes
==PROF== Profiling "countDegrees" - 419: 0%....50%....100% - 33 passes
==PROF== Profiling "gpu_prescan" - 420: 0%....50%....100% - 33 passes
==PROF== Profiling "gpu_prescan" - 421: 0%....50%....100% - 33 passes
==PROF== Profiling "gpu_add_block_sums" - 422: 0%....50%....100% - 33 passes
==PROF== Profiling "gather" - 423: 0%....50%....100% - 33 passes
iter and size 70 1
==PROF== Profiling "nextLayer" - 424: 0%....50%....100% - 33 passes
==PROF== Profiling "countDegrees" - 425: 0%....50%....100% - 33 passes
==PROF== Profiling "gpu_prescan" - 426: 0%....50%....100% - 33 passes
==PROF== Profiling "gpu_prescan" - 427: 0%....50%....100% - 33 passes
==PROF== Profiling "gpu_add_block_sums" - 428: 0%....50%....100% - 33 passes
==PROF== Profiling "gather" - 429: 0%....50%....100% - 33 passes
iter and size 71 1
==PROF== Profiling "nextLayer" - 430: 0%....50%....100% - 33 passes
==PROF== Profiling "countDegrees" - 431: 0%....50%....100% - 33 passes
==PROF== Profiling "gpu_prescan" - 432: 0%....50%....100% - 33 passes
==PROF== Profiling "gpu_prescan" - 433: 0%....50%....100% - 33 passes
==PROF== Profiling "gpu_add_block_sums" - 434: 0%....50%....100% - 33 passes
==PROF== Profiling "gather" - 435: 0%....50%....100% - 33 passes
iter and size 72 1
==PROF== Profiling "nextLayer" - 436: 0%....50%....100% - 33 passes
==PROF== Profiling "countDegrees" - 437: 0%....50%....100% - 33 passes
==PROF== Profiling "gpu_prescan" - 438: 0%....50%....100% - 33 passes
==PROF== Profiling "gpu_prescan" - 439: 0%....50%....100% - 33 passes
==PROF== Profiling "gpu_add_block_sums" - 440: 0%....50%....100% - 33 passes
==PROF== Profiling "gather" - 441: 0%....50%....100% - 33 passes
iter and size 73 1
==PROF== Profiling "nextLayer" - 442: 0%....50%....100% - 33 passes
==PROF== Profiling "countDegrees" - 443: 0%....50%....100% - 33 passes
==PROF== Profiling "gpu_prescan" - 444: 0%....50%....100% - 33 passes
==PROF== Profiling "gpu_prescan" - 445: 0%....50%....100% - 33 passes
==PROF== Profiling "gpu_add_block_sums" - 446: 0%....50%....100% - 33 passes
==PROF== Profiling "gather" - 447: 0%....50%....100% - 33 passes
iter and size 74 1
==PROF== Profiling "nextLayer" - 448: 0%....50%....100% - 33 passes
==PROF== Profiling "countDegrees" - 449: 0%....50%....100% - 33 passes
==PROF== Profiling "gpu_prescan" - 450: 0%....50%....100% - 33 passes
==PROF== Profiling "gpu_prescan" - 451: 0%....50%....100% - 33 passes
==PROF== Profiling "gpu_add_block_sums" - 452: 0%....50%....100% - 33 passes
==PROF== Profiling "gather" - 453: 0%....50%....100% - 33 passes
iter and size 75 1
==PROF== Profiling "nextLayer" - 454: 0%....50%....100% - 33 passes
==PROF== Profiling "countDegrees" - 455: 0%....50%....100% - 33 passes
==PROF== Profiling "gpu_prescan" - 456: 0%....50%....100% - 33 passes
==PROF== Profiling "gpu_prescan" - 457: 0%....50%....100% - 33 passes
==PROF== Profiling "gpu_add_block_sums" - 458: 0%....50%....100% - 33 passes
==PROF== Profiling "gather" - 459: 0%....50%....100% - 33 passes
iter and size 76 1
==PROF== Profiling "nextLayer" - 460: 0%....50%....100% - 33 passes
==PROF== Profiling "countDegrees" - 461: 0%....50%....100% - 33 passes
==PROF== Profiling "gpu_prescan" - 462: 0%....50%....100% - 33 passes
==PROF== Profiling "gpu_prescan" - 463: 0%....50%....100% - 33 passes
==PROF== Profiling "gpu_add_block_sums" - 464: 0%....50%....100% - 33 passes
==PROF== Profiling "gather" - 465: 0%....50%....100% - 33 passes
iter and size 77 1
==PROF== Profiling "nextLayer" - 466: 0%....50%....100% - 33 passes
==PROF== Profiling "countDegrees" - 467: 0%....50%....100% - 33 passes
==PROF== Profiling "gpu_prescan" - 468: 0%....50%....100% - 33 passes
==PROF== Profiling "gpu_prescan" - 469: 0%....50%....100% - 33 passes
==PROF== Profiling "gpu_add_block_sums" - 470: 0%....50%....100% - 33 passes
==PROF== Profiling "gather" - 471: 0%....50%....100% - 33 passes
iter and size 78 1
==PROF== Profiling "nextLayer" - 472: 0%....50%....100% - 33 passes
==PROF== Profiling "countDegrees" - 473: 0%....50%....100% - 33 passes
==PROF== Profiling "gpu_prescan" - 474: 0%....50%....100% - 33 passes
==PROF== Profiling "gpu_prescan" - 475: 0%....50%....100% - 33 passes
==PROF== Profiling "gpu_add_block_sums" - 476: 0%....50%....100% - 33 passes
==PROF== Profiling "gather" - 477: 0%....50%....100% - 33 passes
iter and size 79 1
==PROF== Profiling "nextLayer" - 478: 0%....50%....100% - 33 passes
==PROF== Profiling "countDegrees" - 479: 0%....50%....100% - 33 passes
==PROF== Profiling "gpu_prescan" - 480: 0%....50%....100% - 33 passes
==PROF== Profiling "gpu_prescan" - 481: 0%....50%....100% - 33 passes
==PROF== Profiling "gpu_add_block_sums" - 482: 0%....50%....100% - 33 passes
==PROF== Profiling "gather" - 483: 0%....50%....100% - 33 passes
iter and size 80 1
==PROF== Profiling "nextLayer" - 484: 0%....50%....100% - 33 passes
==PROF== Profiling "countDegrees" - 485: 0%....50%....100% - 33 passes
==PROF== Profiling "gpu_prescan" - 486: 0%....50%....100% - 33 passes
==PROF== Profiling "gpu_prescan" - 487: 0%....50%....100% - 33 passes
==PROF== Profiling "gpu_add_block_sums" - 488: 